 Program started at 10:58:34 on 17 October 2024
 
 
 
                                     T I C R A   T o o l s
                                     =====================
 
  Antenna design software from TICRA
 
 TICRA Tools 20.1.2 (Windows amd64/em64t 64-bit)
 
 
 TICRA Tools found  72 CPU threads
 
 Enabled products: ESTEAM, GRASP, QUPES
  Reading tor-file: popo.tor
 
 
  *** Object name:  frequency
  *** Class name :  frequency
  *** Message    :  Object created
 
 
 
  *** Object name:  frequency
  *** Class name :  frequency
  *** Message    :  New values in object
 
  Frequency No.    1  :   0.300000E+02 GHz
 
 
  *** Object name:  global_coor
  *** Class name :  coor_sys
  *** Message    :  Object created
 
 
 
  *** Object name:  global_coor
  *** Class name :  coor_sys
  *** Message    :  New values in object
 
  Z_axis :     0.000000    0.000000    1.000000
 
 
  *** Object name:  lens_feed_coor
  *** Class name :  coor_sys
  *** Message    :  Object created
 
 
 
  *** Object name:  lens_feed_coor
  *** Class name :  coor_sys
  *** Message    :  New values in object
 
  Base name : global_coor
  Z_axis :     0.000000    0.000000    1.000000
 
 
  *** Object name:  lens_feed
  *** Class name :  gaussian_beam_pattern
  *** Message    :  Object created
 
 
 
  *** Object name:  lens_feed
  *** Class name :  gaussian_beam_pattern
  *** Message    :  Object created
 
 
 
  *** Object name:  lens_feed
  *** Class name :  gaussian_beam_pattern
  *** Message    :  New values in object
 
  Frequency : frequency
  Coor_sys : lens_feed_coor
 
 
  *** Object name:  lens_feed
  *** Class name :  gaussian_beam_pattern
  *** Message    :  Definition of common feed attributes
 
 
 
  *** Object name:  lens_feed
  *** Class name :  gaussian_beam_pattern
  *** Message    :  Definition of gaussian feed
 
 
  Taper angle :   50.0000 degrees
 
  Taper compared to on-axis level :  -12.0000 dB
 
  The imaginary displacement along the negative z-axis
    is 0.527884 wavelengths
 
  The beam waist radius is 0.409915 wavelengths
 
 
  *** Object name:  lens_coor
  *** Class name :  coor_sys
  *** Message    :  Object created
 
 
 
  *** Object name:  lens_coor
  *** Class name :  coor_sys
  *** Message    :  New values in object
 
  Origin :   0.000000E+00 m     0.000000E+00 m     0.100000E+00 m
  Base name : global_coor
  Z_axis :     0.000000    0.000000    1.000000
 
 
  *** Object name:  r1
  *** Class name :  real_variable
  *** Message    :  Object created
 
 
 
  *** Object name:  r1
  *** Class name :  real_variable
  *** Message    :  New values in object
 
 
 
  *** Object name:  bs1
  *** Class name :  real_variable
  *** Message    :  Object created
 
 
 
  *** Object name:  bs1
  *** Class name :  real_variable
  *** Message    :  New values in object
 
 
 
  *** Object name:  lens
  *** Class name :  simple_lens
  *** Message    :  Object created
 
 
 
  *** Object name:  lens
  *** Class name :  simple_lens
  *** Message    :  New values in object
 
  Coordinate system: lens_coor
  Diameter :   0.200000 m
  r1, radius of curvature :   0.100000 m
  r2, radius of curvature :    0.00000 m
  bs1, conic constant :   -4.00000
 
 
  *** Object name:  lens_po
  *** Class name :  po_lens
  *** Message    :  Object created
 
 
 
  *** Object name:  lens_po
  *** Class name :  po_lens
  *** Message    :  New values in object
 
  Frequency : frequency
  Spill-over : on
  Lens : lens
  Get field: lens_in_free_space
  Analysis method: po_plus_po
 
 
  *** Object name:  lens_cut
  *** Class name :  spherical_cut
  *** Message    :  Object created
 
 
 
  *** Object name:  lens_cut
  *** Class name :  spherical_cut
  *** Message    :  New values in object
 
  Frequency : frequency
  Coor_sys : lens_coor
  Theta range : start-180.00000    end 180.00000    points   601
  Phi range : start   0.00000    end  90.00000    points     3
 
 
  *** Object name:  n_lens
  *** Class name :  real_variable
  *** Message    :  Object created
 
 
 
  *** Object name:  n_lens
  *** Class name :  real_variable
  *** Message    :  New values in object
 
 
 
  *** Object name:  lens
  *** Class name :  simple_lens
  *** Message    :  New values in object
 
  Refractive index :    2.00000
  r1, radius of curvature :   0.100000 m
  bs1, conic constant :   -4.00000
  Coating thickness for surface No. 1 :   0.125000 cm
  Refractive index of coating layer for surface No. 1 :    1.41421
  Loss tangent of coating layer for surface No. 1 :    0.00000
  Coating thickness for surface No. 2 :   0.125000 cm
  Refractive index of coating layer for surface No. 2 :    1.41421
  Loss tangent of coating layer for surface No. 2 :    0.00000
 
  Actual lens thickness :   0.333333E-01 m
 
 
  *** Object name:  lens
  *** Class name :  simple_lens
  *** Message    :  New values in object
 
  Refractive index :    2.00000
  r1, radius of curvature :   0.100000 m
  bs1, conic constant :   -4.00000
  Coating thickness for surface No. 1 :   0.125000 cm
  Refractive index of coating layer for surface No. 1 :    1.41421
  Loss tangent of coating layer for surface No. 1 :    0.00000
  Coating thickness for surface No. 2 :   0.125000 cm
  Refractive index of coating layer for surface No. 2 :    1.41421
  Loss tangent of coating layer for surface No. 2 :    0.00000
 
  Actual lens thickness :   0.333333E-01 m
 
 
  *** Object name:  lens
  *** Class name :  simple_lens
  *** Message    :  New values in object
 
  Refractive index :    2.00000
  r1, radius of curvature :   0.100000 m
  bs1, conic constant :   -4.00000
  Coating thickness for surface No. 1 :   0.125000 cm
  Refractive index of coating layer for surface No. 1 :    1.41421
  Loss tangent of coating layer for surface No. 1 :    0.00000
  Coating thickness for surface No. 2 :   0.125000 cm
  Refractive index of coating layer for surface No. 2 :    1.41421
  Loss tangent of coating layer for surface No. 2 :    0.00000
 
  Actual lens thickness :   0.333333E-01 m
 
 
  *** Object name:  lens
  *** Class name :  simple_lens
  *** Message    :  New values in object
 
  Refractive index :    2.00000
  r1, radius of curvature :   0.100000 m
  bs1, conic constant :   -4.00000
  Coating thickness for surface No. 1 :   0.125000 cm
  Refractive index of coating layer for surface No. 1 :    1.41421
  Loss tangent of coating layer for surface No. 1 :    0.00000
  Coating thickness for surface No. 2 :   0.125000 cm
  Refractive index of coating layer for surface No. 2 :    1.41421
  Loss tangent of coating layer for surface No. 2 :    0.00000
 
  Actual lens thickness :   0.333333E-01 m
 
 
  *** Object name:  lens
  *** Class name :  simple_lens
  *** Message    :  New values in object
 
  Refractive index :    2.00000
  r1, radius of curvature :   0.100000 m
  bs1, conic constant :   -4.00000
  Coating thickness for surface No. 1 :   0.125000 cm
  Refractive index of coating layer for surface No. 1 :    1.41421
  Loss tangent of coating layer for surface No. 1 :    0.00000
  Coating thickness for surface No. 2 :   0.125000 cm
  Refractive index of coating layer for surface No. 2 :    1.41421
  Loss tangent of coating layer for surface No. 2 :    0.00000
 
  Actual lens thickness :   0.333333E-01 m
 
 
  *** Object name:  thickness
  *** Class name :  real_variable
  *** Message    :  Object created
 
 
 
  *** Object name:  thickness
  *** Class name :  real_variable
  *** Message    :  New values in object
 
 
 
  *** Object name:  lens
  *** Class name :  simple_lens
  *** Message    :  New values in object
 
  Refractive index :    2.00000
  r1, radius of curvature :   0.100000 m
  bs1, conic constant :   -4.00000
  Thickness :   0.500000E-01 m
  Coating thickness for surface No. 1 :   0.125000 cm
  Refractive index of coating layer for surface No. 1 :    1.41421
  Loss tangent of coating layer for surface No. 1 :    0.00000
  Coating thickness for surface No. 2 :   0.125000 cm
  Refractive index of coating layer for surface No. 2 :    1.41421
  Loss tangent of coating layer for surface No. 2 :    0.00000
 
  Actual lens thickness :   0.500000E-01 m
 
 
  *** Object name:  bor_mom
  *** Class name :  bor_mom
  *** Message    :  Object created
 
 
 
  *** Object name:  bor_mom
  *** Class name :  bor_mom
  *** Message    :  New values in object
 
  Frequency : frequency
  Scatterer : lens
 
 
  *** Object name:  optimisation_manager
  *** Class name :  optimisation_manager
  *** Message    :  Object created
 
 
 
  *** Object name:  optimisation_manager
  *** Class name :  optimisation_manager
  *** Message    :  New values in object
 
 
 
  *** Object name:  optimisation_manager_variables_default
  *** Class name :  real_optimisation_variables
  *** Message    :  Object created
 
 
 
  *** Object name:  optimisation_manager_variables_default
  *** Class name :  real_optimisation_variables
  *** Message    :  New values in object
 
 
 
  *** Object name:  optimisation_setting
  *** Class name :  minmax_settings
  *** Message    :  Object created
 
 
 
  *** Object name:  optimisation_setting
  *** Class name :  minmax_settings
  *** Message    :  New values in object
 
 
 
  *** Object name:  goal_far_field_peak_directivity
  *** Class name :  goal_far_field_peak_directivity
  *** Message    :  Object created
 
 
 
  *** Object name:  goal_far_field_peak_directivity
  *** Class name :  goal_far_field_peak_directivity
  *** Message    :  new values in object
 
 Sources:
   bor_mom
   lens_feed
  Coor_sys : lens_coor
 
  Delta_theta :   0.100000
 
  Delta_phi :    45.0000
 
  Number of goals defined to the direction of the lobe maximum:    1
 
  Definition of goals to the minimum xpd-level:
     No.   freq_index    beam-index    th_min  th_max  ph_min  ph_max  polarisation   goal_th   goal_ph   weight
                                       [deg]   [deg]   [deg]   [deg]                   [deg]     [deg]
      1      -1           1           10.00          linear_x          35.00        1.000     maximise
 
 
 
  *** Object name:  view_1
  *** Class name :  view
  *** Message    :  Object created
 
 
 
  *** Object name:  view_1
  *** Class name :  view
  *** Message    :  New values in object
 
 
  Number of objects :      6
 
  Definition of objects   :
   No.  Name
     1  feed_plot_for_view_1
     2  coor_sys_plot_for_view_1
     3  output_points_plot_for_view_1
     4  lens_plot_for_view_1
     5  rays_from_point_sources
     6  mom_plot_for_view_1
 
 
 
  *** Object name:  feed_plot_for_view_1
  *** Class name :  feed_plot
  *** Message    :  Object created
 
 
 
  *** Object name:  feed_plot_for_view_1
  *** Class name :  feed_plot
  *** Message    :  Definition of feed_plot
 
 
 
  *** Object name:  coor_sys_plot_for_view_1
  *** Class name :  coor_sys_plot
  *** Message    :  Object created
 
 
 
  *** Object name:  coor_sys_plot_for_view_1
  *** Class name :  coor_sys_plot
  *** Message    :  Definition of coor_sys_plot
 
 
 
  *** Object name:  output_points_plot_for_view_1
  *** Class name :  output_points_plot
  *** Message    :  Object created
 
 
 
  *** Object name:  output_points_plot_for_view_1
  *** Class name :  output_points_plot
  *** Message    :  Definition of output_points_plot
 
 
 
  *** Object name:  lens_plot_for_view_1
  *** Class name :  lens_plot
  *** Message    :  Object created
 
 
 
  *** Object name:  lens_plot_for_view_1
  *** Class name :  lens_plot
  *** Message    :  Definition of lens_plot
 
 
 
  *** Object name:  rays_from_point_sources
  *** Class name :  rays_from_point_sources
  *** Message    :  Object created
 
 
 
  *** Object name:  rays_from_point_sources
  *** Class name :  rays_from_point_sources
  *** Message    :  Definition of ray_plot
 
 
  Theta range : start -36.00000    end  36.00000    points    11
 
  Ray path range :
  Start:    0.00000 cm
  End  :   0.400000 m
   and in SI units
  Start:    0.00000     meter
  End  :   0.400000     meter
 
  number of objects: 1
 
    No.  Plot objects
     1   lens_feed
 
 
  *** Object name:  mom_plot_for_view_1
  *** Class name :  mom_plot
  *** Message    :  Object created
 
 
 
  *** Object name:  mom_plot_for_view_1
  *** Class name :  mom_plot
  *** Message    :  Definition of mom_plot
 
 
 ----- TASK No. 1 -----     Started at 10:58:35 on October 17, 2024
 bor_mom get_currents ( source : sequence(ref(lens_feed)),
 auto_convergence_of_po : off)
 
 
  *** Object name:  bor_mom
  *** Class name :  bor_mom
  *** Message    :  Get_currents message received
 
  Source : lens_feed
  PO-auto-convergence selection : off
 
 
  *** Object name:  bor_mom
  *** Class name :  bor_mom
  *** Message    :  Initialization
 
 BOR Meshing results:
   Patches  Int. nodes  Ext. nodes
       42          39           0
 
 Frequency  1 of  1
 Number of unknowns:
   Total     Edge el.  Patch el.  Edge mag.  Patch mag
    1442         39        682         39        682
 Filling right-hand side: 100 % completed
 Filling right-hand side:  50 % completed
 Azimuthal mode 2/11: Filling matrix (64 MByte)
 Azimuthal mode 2/11: Filling matrix (64 MByte):  30 % completed
 Azimuthal mode 2/11: Filling matrix (64 MByte):  40 % completed
 Azimuthal mode 2/11: Filling matrix (64 MByte):  50 % completed
 Azimuthal mode 2/11: Filling matrix (64 MByte):  80 % completed
 Azimuthal mode 2/11: Filling matrix (64 MByte):  90 % completed
 Azimuthal mode 2/11: Filling matrix (64 MByte): 100 % completed
 Azimuthal mode 2/11: Factorizing matrix
 Azimuthal mode 2/11: Solving for currents using factorized matrix
 Azimuthal mode 2/11: Solving for currents using factorized matrix
 Filling right-hand side:  50 % completed
 Filling right-hand side: 100 % completed
   Azimuthal mode        Power percentage
               1           100.0000
                           --------
   Total (1 mode) :        100.0000
 
 ----- TASK No. 2 -----     Started at 10:58:37 on October 17, 2024
 lens_cut get_field ( source : sequence(ref(lens_feed), ref(bor_mom)))
 
 
  *** Object name:  lens_cut
  *** Class name :  spherical_cut
  *** Message    :  Get_field message received
 
  Source : lens_feed
  Source : bor_mom
 
  Name of currents file: tmp_0
 
  Control values found in the file:
    No. of frequencies: 1
    No. of beams      : 1
    No. of bodies     : 1
 
  Frequency number  1 :  30.000 GHz
 
    Face No.      PO1       PO2     Partitions
          1         0         0         1
 
 
 
  *** Object name:  lens_cut
  *** Class name :  spherical_cut
  *** Message    :  Field calculated
 
  Frequency No. :     1
  Beam No. :     1
 
 ----- END OF TASKS -----     Completed at 10:58:37 on October 17, 2024
 Total time was 7.58 sec
 
 TICRA Tools SN: 007952
 Program stopped at 10:58:37 on 17 October 2024
 
