TICRA Tools optimisation iteration sequence
Tor-file: Job_04.tor
Max no of iterations:    200
No of optim. params.:      2
No of optim. goals.:       1
 Iteration r1               thickness           Obj. Fun value goal_far_field_peak_directivity Best?
         0 1.00000000E-01   5.00000000E-02          1.65066975                      1.65066975  Best
         1 9.97539430E-02   4.00030277E-02          1.65118361                      1.65118361    No
         2 9.99484857E-02   4.75007569E-02          1.36103919                      1.36103919  Best
         3 0.10159294       4.93837762E-02          1.60809897                      1.60809897    No
         4 0.10035960       4.79715117E-02          1.38029487                      1.38029487    No
         5 0.10006126       4.76184456E-02          1.35867258                      1.35867258  Best
         6 0.10020294       4.75343327E-02          1.35683065                      1.35683065  Best
         7 0.10051916       4.76560834E-02          1.35658340                      1.35658340  Best
         8 0.10053285       4.75714533E-02          1.35433984                      1.35433984  Best
         9 0.10056548       4.74898203E-02          1.35329648                      1.35329648  Best
        10 0.10064595       4.74428163E-02          1.35277422                      1.35277422  Best
        11 0.10072445       4.74926630E-02          1.35235767                      1.35235767  Best
        12 0.10098255       4.66043755E-02          1.31977985                      1.31977985  Best
        13 0.10065262       4.72146722E-02          1.35913126                      1.35913126    No
        14 0.10090006       4.67569497E-02          1.27866822                      1.27866822  Best
        15 0.10073271       4.67113900E-02          1.30081444                      1.30081444    No
        16 0.10085823       4.67455598E-02          1.28142699                      1.28142699    No
        17 0.10088960       4.67541022E-02          1.27884064                      1.27884064    No
        18 0.10089745       4.67562378E-02          1.27867327                      1.27867327    No
        19 0.10089941       4.67617717E-02          1.27866003                      1.27866003  Best
        20 0.10089873       4.67618157E-02          1.27863962                      1.27863962  Best
        21 0.10091183       4.67652806E-02          1.27971872                      1.27971872    No
        22 0.10091006       4.67545860E-02          1.27906303                      1.27906303    No
        23 0.10090883       4.67569993E-02          1.27885223                      1.27885223    No
        24 0.10090725       4.67547987E-02          1.27899159                      1.27899159    No
        25 0.10090843       4.67564491E-02          1.27886940                      1.27886940    No
        26 0.10090873       4.67568617E-02          1.27885559                      1.27885559    No
        27 0.10090881       4.67569649E-02          1.27885301                      1.27885301    No
